[   0.00] Initalizng cgou subyscpse
  0.000000 Itializin croupsuyscpu
[  000000] Initalzi cgrp bsys cpuct
[   .0000] Lnuversion 4.4.0--gneicbuldd@lgw0-1) ccersin 4. 201609 Ubun 54.-6untu1~16.04.4) ) #119-Ubuntu SMP Tue ep 12 14:9:54 UTC 2017 (Uunu 4.4.-9119-nec 4.4.8)[   0.000] Coanline: BOOT_MAE=/boot/vmlnuz-4.4.06-genec oot=LABEL=cludg-oos  consoltt1 coso=tyS0
   000000]ERL supprtd pus:   0.00000  Inte GuineIntel
[   00000] AMAuthtiMMD
[  000000]   Cntr entaurau
[    0000] x86fp xstate_offt[]:  6,xstatesis[]:  25
   0.0000x86/u:uppoin XSAE atre 001'x87fltig pot gists'
[    0.000] x6/fp: pprtin XVEfeate 02: SEregistrs
[   0.0000 x86/fpuSuportg AVE eaur0x04 'X egisrs

[  000000 x/fpu Ebld xstae atur 0, coexsize is 82 tes, ing 'stndrd' rmt.
[   00000]86pu: si 'azy'PU cotext sites
  0.0000 e0: BIOS-rode physicl M ma:[   0000] BIOe80: [me0x000000000000-0000000000fbff ubl
[   0.0000] BIO-e20 [em 0x00000000009fc0-0000000000009ffff] reserved
[   0.00] BIOS-e80:[mem 0000000000f00-000000000ffff] esrved
[   .00000]IO-e820: [emx00000000010000-0000003ffefffusble
[  000000]IO-e0:mem 0x00000fff00-x000000ffffff]CPI data
[   0.0000 BIO-e20: me 0x00000ffc0000x0000000ffff] resered
[    0000]  (xecuteisble)roection: active
[    000000]MBOS 25 esen.    0.000]Hypersoddette KVM
[   000000] e820: last_pfn = 0x3fff0 max_arch_pfn = 0x400000000
[    0.000000] MTRR: Disabled
[    0.000000] x86/PAT:: MRRdiable sipping PAT initializatonoo.
[    0.000000] CP MRsal bnk- iralzed stm.
[   0.000] x8PA: ongution [0]:WB  WT  C-C  WB  WT  UC- UC  
[   0.0000] fou SP MPtae at [emx009ff-0009fff]aped at [ff8800000ff0
[   0.000000]Scnnng  aasfo l mmory crution[   0.00] RAMDK:[mm 36d0000-x35fff]    0.0000 ACPI: Earlytable cecumverification dsabl
   0.00000ACPI: SD 0x00000000E00 002(v02VB  
[   0.000] AI:XSDT 0x000000003FFF0030 00C v01 BO  VBOXSD000000AS 00000)
[    0.00000]CP FAC0x00003F00F0 0000F (04 VBX VBXFAC0000001 A  000061
[  0.000000]AC: DSDT 00000003FF0470 002118 (01 VBOX  VBXBS 000002NT 20152)
[  00000] PI FCSx000003FF020 000
[    00000] PIFACS 00000003F00 0000
    0.0000]ACPI AC x000003FFF0240 000C (v0 VX  VBOXAIC0000001 AL  000061)
[    0000] ACP SDT 0x0000FF02A0 0001CC (v01VBOX   VBXCT 000002 ITL 010028
[   0.000]  NA confiurio foun
[   0.000000] aking ne at [emx000000000000-0x000003fff]
[  00000 NOE_AT0)allocaedme 0ff000-x3efff][   0.0000 kvm-coc Usingsr4b56d0an 4b5600
[    0.0000] kvmclk:cpu  mr :3ff301,rimarypuclock[  0.00000kvm-clock:usg sche oset  35597095 ycls[   0.0000] loksrce: k-cck: sk 0xfffffffffffma_cle 0x1cd42e4dfb, maxid_ns: 815591483ns[    0.0000] Ze nges:
  0.0000  DMA   [memx0000000000-x00000000ffffff]
    0.00000]   DMA2   [m 0000000000000x000003efff]
[    0.000000]  Nma   empt
[   .00000  Device  ety
[   .0000] Mvae oneta foracnode
  0.0000 Erly merynoe ngs
[    .000]   ne  0: [mm 0x0000000000001000-0x000000000009efff]
[    0.000000]   node   0: [mem 0x0000000000100000-0x000000003ffeffff]
[    0.000] Inme stup no 0[mem 00000000010-0x00003ffeffff]
[   0.000]ACPI PM-im IO Pot:x400
  0.00000]OAPIC[: ic_id 2, eron17, addres0xec000,GSI 0-23
[   0.0000 ACP: T_RCVR(bs 0 bus_irq 0 lol_rq 2 dfl dfl)
[   .0000] ACP IT_SR_O (us 0 bus_rq9 gloalrq9 high level)[   0.000000 Ung ACP (DT) r P configutin inrmion
[  00000] pboot: Alloin 2 Cs,  htpluCP
[   00000] P Reistere nosveemry: [mem x00000000x000ff
[   0.000] P Ristered ose memor: em0x0009f000-0x00ffff
[  0.00000PM: Registered nosavemery [mem x0a0000-x0efff
[   .00000PM Regierd nosave memory: [m 000f000-000ffff]
[   0.000000] 820: [em0x00000-ffbffff]avlablfoPCI deic
    00000] oongparartlizekeel on VM
[   00000]clckurcerened-jiffes mask: xfffff max_cyes 0xfffff, ax_ie_s: 764516011568 ns[  0.00000] tup_eru:NR_CPUS51nrcpumskit:512nrpuids: nr_odids:1
[   .000000]PEPU: Emeded34 pags/u @ff803fc0000 s838 r82 2744 u1085
    0000]  qinlockas tab eries 2 (rder: 0, 406 yts)
[   .0000] il 1zonelists n de ode mbiliy ouing on  otl ages2513
[   00000]Pocy ze:MA32
[   000000 Kne command le: BT_MAE=/boot/vmliuz4.4.0-6-neri rt=ABELcldig-rotfro console=tty1 coso=tyS0
[   .00000] D ash blentries: 09(order:  3768 te
[   0.0000Mery: 0048/10420availale8479K kerelod, 124K data39K roat 192K it 1316K bss 4372K reerd, 0 cma-reserved)
[    0.000000] SLU: HWalig=64, Order=0-3, MinObjects=0, CPUs=2, Nodes=1
[    0.000000] Hierarchical RCU implementation.
[    0.000000] 	Build-time adjustment of leaf fanout to 64.
[    0.000000] 	RCU restricting CPUs from NR_CPUS=512 to nr_cpu_ids=2.
[    0.000000] RCU: Adjusting geometry for rcu_fanout_leaf=64, nr_cpu_ids=2
[    0.000000] NR_IRQS:33024 nr_irqs:440 16
[    0.000000] Console: colour VGA+ 80x25
[    0.000000] console [tty1] enabled
[    0.000000] console [ttyS0] enabled
[    0.000000] tsc: Detected 2194.918 MHz processor
[   24.147042] Calibrating delay loop (skipped) preset value.. 4389.83 BogoMIPS (lpj=8779672)
[   24.148590] pid_max: default: 32768 minimum: 301
[   24.149412] ACPI: Core revision 20150930
[   24.151246] ACPI: 2 ACPI AML tables successfully acquired and loaded
[   24.258609] Security Framework initialized
[   24.344155] Yama: becoming mindful.
[   24.417587] AppArmor: AppArmor initialized
[   24.507905] Dentry cache hash table entries: 131072 (order: 8, 1048576 bytes)
[   24.672818] Inode-cache hash table entries: 65536 (order: 7, 524288 bytes)
[   24.829962] Mount-cache hash table entries: 2048 (order: 2, 16384 bytes)
[   24.959240] Mountpoint-cache hash table entries: 2048 (order: 2, 16384 bytes)
[   25.103741] Initializing cgroup subsys io
[   25.170919] Initializing cgroup subsys memory
[   25.208746] Initializing cgroup subsys devices
[   25.304571] Initializing cgroup subsys freezer
[   25.404922] Initializing cgroup subsys net_cls
[   25.511633] Initializing cgroup subsys perf_event
[   25.611477] Initializing cgroup subsys net_prio
[   25.708768] Initializing cgroup subsys hugetlb
[   25.803199] Initializing cgroup subsys pids
[   25.887466] CPU: Physical Processor ID: 0
[   25.979459] CPU: Processor Core ID: 0
[   26.048432] mce: CPU supports 0 MCE banks
[   26.135812] Last level iTLB entries: 4KB 1024, 2MB 1024, 4MB 1024
[   26.231704] Last level dTLB entries: 4KB 1024, 2MB 1024, 4MB 1024, 1GB 4
[   26.343392] Freeing SMP alternatives memory: 32K
[   26.423076] ftrace: allocating 32146 entries in 126 pages
[   26.553644] smpboot: APIC(0) Converting physical 0 to logical package 0
[   26.705073] smpboot: Max logical packages: 1
[   26.788971] ..TIMER: vector=0x30 apic1=0 pin1=2 apic2=-1 pin2=-1
[   27.007809] smpboot: CPU0: Intel(R) Core(TM) i7-4770HQ CPU @ 2.20GHz (family: 0x6, model: 0x46, stepping: 0x1)
[   27.196626] Performance Events: unsupported p6 CPU model 70 no PMU driver, software events only.
[   27.372313] KVM setup paravirtual spinlock
[   27.420757] x86: Booting SMP configuration:
[   27.498418] .... node  #0, CPUs:      #1
[   27.560117] kvm-clock: cpu 1, msr 0:3ffe3041, secondary cpu clock
[   27.580688] mce: CPU supports 0 MCE banks
[   27.589172] x86: Booted up 1 node, 2 CPUs
[   27.590169] smpboot: Total of 2 processors activated (8779.67 BogoMIPS)
[   27.591895] devtmpfs: initialized
[   27.594104] evm: security.selinux
[   27.616342] evm: security.SMACK64
[   27.637490] evm: security.SMACK64EXEC
[   27.651843] evm: security.SMACK64TRANSMUTE
[   27.677243] evm: security.SMACK64MMAP
[   27.677987] evm: security.ima
[   27.678637] evm: security.capability
[   27.679635] clocksource: jiffies: mask: 0xffffffff max_cycles: 0xffffffff, max_idle_ns: 7645041785100000 ns
[   27.683908] futex hash table entries: 512 (order: 3, 32768 bytes)
[   27.786812] pinctrl core: initialized pinctrl subsystem
[   27.874352] RTC time: 17:54:55, date: 10/18/17
[   27.965897] NET: Registered protocol family 16
[   28.057192] cpuidle: using governor ladder
[   28.141224] cpuidle: using governor menu
[   28.200421] PCCT header not found.
[   28.259684] ACPI: bus type PCI registered
[   28.326064] acpiphp: ACPI Hot Plug PCI Controller Driver version: 0.5
[   28.446484] PCI: Using configuration type 1 for base access
[   28.505759] ACPI: Added _OSI(Module Device)
[   28.558408] ACPI: Added _OSI(Processor Device)
[   28.647301] ACPI: Added _OSI(3.0 _SCP Extensions)
[   28.744177] ACPI: Added _OSI(Processor Aggregator Device)
[   28.827604] ACPI: Executed 1 blocks of module-level executable AML code
[   28.959483] ACPI: Interpreter enabled
[   29.030396] ACPI: (supports S0 S5)
[   29.083920] ACPI: Using IOAPIC for interrupt routing
[   29.176021] PCI: Using host bridge windows from ACPI; if necessary, use "pci=nocrs" and report a bug
[   29.225869] ACPI: PCI Root Bridge [PCI0] (domain 0000 [bus 00-ff])
[   29.357477] acpi PNP0A03:00: _OSC: OS supports [ASPM ClockPM Segments MSI]
[   29.518524] acpi PNP0A03:00: _OSC failed (AE_NOT_FOUND); disabling ASPM
[   29.575771] acpi PNP0A03:00: fail to add MMCONFIG information, can't access extended PCI configuration space under this bridge.
[   29.724503] PCI host bridge to bus 0000:00
[   29.809519] pci_bus 0000:00: root bus resource [io  0x0000-0x0cf7 window]
[   29.942554] pci_bus 0000:00: root bus resource [io  0x0d00-0xffff window]
[   30.083059] pci_bus 0000:00: root bus resource [mem 0x000a0000-0x000bffff window]
[   30.221112] pci_bus 0000:00: root bus resource [mem 0x40000000-0xffdfffff window]
[   30.371220] pci_bus 0000:00: root bus resource [bus 00-ff]
[   30.497386] pci 0000:00:01.1: legacy IDE quirk: reg 0x10: [io  0x01f0-0x01f7]
[   30.637783] pci 0000:00:01.1: legacy IDE quirk: reg 0x14: [io  0x03f6]
[   30.669427] pci 0000:00:01.1: legacy IDE quirk: reg 0x18: [io  0x0170-0x0177]
[   30.678508] pci 0000:00:01.1: legacy IDE quirk: reg 0x1c: [io  0x0376]
[   30.723749] ACPI: PCI Interrupt Link [LNKA] (IRQs 5 9 10 11) *0, disabled.
[   30.866645] ACPI: PCI Interrupt Link [LNKB] (IRQs 5 9 10 *11)
[   30.969098] ACPI: PCI Interrupt Link [LNKC] (IRQs 5 9 *10 11)
[   31.068375] ACPI: PCI Interrupt Link [LNKD] (IRQs 5 *9 10 11)
[   31.163573] ACPI: Enabled 2 GPEs in block 00 to 07
[   31.247816] vgaarb: setting as boot device: PCI:0000:00:02.0
[   31.373761] vgaarb: device added: PCI:0000:00:02.0,decodes=io+mem,owns=io+mem,locks=none
[   31.532249] vgaarb: loaded
[   31.598965] vgaarb: bridge control possible 0000:00:02.0
[   31.687077] SCSI subsystem initialized
[   31.718833] ACPI: bus type USB registered
[   31.752670] usbcore: registered new interface driver usbfs
[   31.801224] usbcore: registered new interface driver hub
[   31.874860] usbcore: registered new device driver usb
[   31.951050] PCI: Using ACPI for IRQ routing
[   32.027342] NetLabel: Initializing
[   32.107555] NetLabel:  domain hash size = 128
[   32.193625] NetLabel:  protocols = UNLABELED CIPSOv4
[   32.279248] NetLabel:  unlabeled traffic allowed by default
[   32.385562] amd_nb: Cannot enumerate AMD northbridges
[   32.463077] clocksource: Switched to clocksource kvm-clock
[   2.975]pprmor: ApAror FilesyteEnle
[ 33008]npPnAC it  3.12] p:nPCP fnd 3eves
[   33.940333] clocksource: acpi_pm: mask: 0xffffff max_cycles: 0xffffff, max_idle_ns: 2085701024 ns
[   34.127158] NET: Registered protocol family 2
[   44.259080] TCP established hash table entries: 8192 (order: 4, 65536 bytes)
[   34.487593] TCP bind hash table entries: 8192 (order: 5, 131072 bytes)
[   34.688954] TCP: Hash tables configured (established 8192 bind 8192)
[   34.930661] UDP hash table entries: 512 (order: 2, 16384 bytes)
[   35.003110] UDP-Lite hash table entries: 512 (order: 2, 16384 bytes)
[   35.021444] NET: Registered protocol family 1
[   35.035885] pci 0000:00:00.0: Limiting direct PCI/PCI transfers
[   35.165327] pci 0000:00:01.0: Activating ISA DMA hang workarounds
[   35.334186] Unpacking initramfs...
[   373527 Fei itrmery106K[ 37113]platfom c_osrestedlaorRTdece(n P dicfod)[ 38551]Scannng forlomeryorptn er60ecnd
[ 396717 tc:efedSClosocecabration 24.5 z
[   3.972 cckur: c:ma: fffffffff x_cl: 1f42d263maid_n 479965 
0ÿ[ 39817 adi itiizg etinsuysdiable
[   39.980128] audit: type=2000 audit(1508349279.656:1): initialized
[   39.980355] Initialise system trusted keyring
[   39.980450] HugeTLB registered 2 MB page size, pre-allocated 0 pages
[   39.981632] zbud: loaded
[   39.981770] VFS: Disk quotas dquot_6.6.0
[   39.981794] VFS: Dquot-cache hash table entries: 512 (order 0, 4096 bytes)
[   39.981982] squashfs: version 4.0 (2009/01/31) Phillip Lougher
[   39.982144] fuse init (API version 7.23)
[   39.982235] Key type big_key registered
[   39.982249] Allocating IMA MOK and blacklist keyrings.
[   39.982398] Key type asymmetric registered
[   39.982403] Asymmetric key parser 'x509' registered
[   39.982430] Block layer SCSI generic (bsg) driver version 0.4 loaded (major 249)
[   39.982446] io scheduler noop registered
[   39.982448] io scheduler deadline registered (default)
[   39.982469] io scheduler cfq registered
[   39.982538] pci_hotplug: PCI Hot Plug PCI Core version: 0.5
[   39.982542] pciehp: PCI Express Hot Plug Controller Driver version: 0.4
[   39.982884] ACPI: AC Adapter [AC] (off-line)
[   39.982933] input: Power Button as /devices/LNXSYSTM:00/LNXPWRBN:00/input/input0
[   39.982935] ACPI: Power Button [PWRF]
[   39.982997] input: Sleep Button as /devices/LNXSYSTM:00/LNXSLPBN:00/input/input1
[   39.982999] ACPI: Sleep Button [SLPF]
[   39.983123] GHES: HEST is not enabled!
[   39.983203] Serial: 8250/16550 driver, 32 ports, IRQ sharing enabled
[   41.206457] 00:02: ttyS0 at I/O 0x3f8 (irq = 4, base_baud = 115200) is a 16550A
[   41.850351] Linux agpgart interface v0.103
[   42.004625] ACPI: Battery Slot [BAT0] (battery present)
[   42.115964] loop: module loaded
[   42.116465] scsi host0: ata_piix
[   42.116511] scsi host1: ata_piix
[   42.116537] ata1: PATA max UDMA/33 cmd 0x1f0 ctl 0x3f6 bmdma 0xd000 irq 14
[   42.116537] ata2: PATA max UDMA/33 cmd 0x170 ctl 0x376 bmdma 0xd008 irq 15
[   42.116603] libphy: Fixed MDIO Bus: probed
[   42.116605] tun: Universal TUN/TAP device driver, 1.6
[   42.116606] tun: (C) 1999-2004 Max Krasnyansky <maxk@qualcomm.com>
[   42.116892] PPP generic driver version 2.4.2
[   42.116951] ehci_hcd: USB 2.0 'Enhanced' Host Controller (EHCI) Driver
[   42.116955] ehci-pci: EHCI PCI platform driver
[   42.116969] ehci-platform: EHCI generic platform driver
[   42.116976] ohci_hcd: USB 1.1 'Open' Host Controller (OHCI) Driver
[   42.116979] ohci-pci: OHCI PCI platform driver
[   42.116986] ohci-platform: OHCI generic platform driver
[   42.116992] uhci_hcd: USB Universal Host Controller Interface driver
[   42.117041] i8042: PNP: PS/2 Controller [PNP0303:PS2K,PNP0f03:PS2M] at 0x60,0x64 irq 1,12
[   42.236324] serio: i8042 KBD port at 0x60,0x64 irq 1
[   42.236330] serio: i8042 AUX port at 0x60,0x64 irq 12
[   42.236461] mousedev: PS/2 mouse device common for all mice
[   42.236863] rtc_cmos rtc_cmos: rtc core: registered rtc_cmos as rtc0
[   42.236920] rtc_cmos rtc_cmos: alarms up to one day, 114 bytes nvram
[   42.236927] i2c /dev entries driver
[   42.236981] device-mapper: uevent: version 1.0.3
[   42.237029] device-mapper: ioctl: 4.34.0-ioctl (2015-10-28) initialised: dm-devel@redhat.com
[   42.237044] ledtrig-cpu: registered to indicate activity on CPUs
[   42.237310] NET: Registered protocol family 10
[   42.237463] NET: Registered protocol family 17
[   42.237472] Key type dns_resolver registered
[   42.249394] microcode: CPU0 sig=0x40661, pf=0x40, revision=0x0
[   42.249439] microcode: CPU1 sig=0x40661, pf=0x40, revision=0x0
[   42.249543] microcode: Microcode Update Driver: v2.01 <tigran@aivazian.fsnet.co.uk>, Peter Oruba
[   42.249662] registered taskstats version 1
[   42.249677] Loading compiled-in X.509 certificates
[   42.250283] Loaded X.509 cert 'Build time autogenerated kernel key: b1a6ea8776bed2812c00d8a799f968274ef48628'
[   42.250302] zswap: loaded using pool lzo/zbud
[   42.251636] Key type trusted registered
[   42.253722] Key type encrypted registered
[   42.253728] AppArmor: AppArmor sha1 policy hashing enabled
[   42.253730] ima: No TPM chip found, activating TPM-bypass!
[   42.253747] evm: HMAC attrs: 0x1
[   42.254142]   Magic number: 5:73:947
[   42.254165] tty tty4: hash matches
[   42.254179] memory memory0: hash matches
[   42.311277] rtc_cmos rtc_cmos: setting system clock to 2017-10-18 17:55:09 UTC (1508349309)
[   42.311447] BIOS EDD facility v0.16 2004-Jun-25, 0 devices found
[   42.311448] EDD information not available.
[   42.689102] input: AT Translated Set 2 keyboard as /devices/platform/i8042/serio0/input/input2
[   46.838352] Freeing unused kernel memory: 1492K
[   46.911915] Write protecting the kernel read-only data: 14336k
[   46.936728] Freeing unused kernel memory: 1748K
[   46.978588] Freeing unused kernel memory: 112K
Loading, please [   47.039478] random: systemd-udevd: uninitialized urandom read (16 bytes read, 3 bits of entropy available)
wait...
starting version 229
[   47.040085] random: udevadm: uninitialized urandom read (16 bytes read, 3 bits of entropy available)
[   47.040117] random: udevadm: uninitialized urandom read (16 bytes read, 3 bits of entropy available)
[   47.040214] random: udevadm: uninitialized urandom read (16 bytes read, 3 bits of entropy available)
[   47.040249] random: udevadm: uninitialized urandom read (16 bytes read, 3 bits of entropy available)
[   47.040283] random: udevadm: uninitialized urandom read (16 bytes read, 3 bits of entropy available)
[   47.040324] random: udevadm: uninitialized urandom read (16 bytes read, 3 bits of entropy available)
[   47.040357] random: udevadm: uninitialized urandom read (16 bytes read, 3 bits of entropy available)
[   47.040388] random: udevadm: uninitialized urandom read (16 bytes read, 3 bits of entropy available)
[   47.040419] random: udevadm: uninitialized urandom read (16 bytes read, 3 bits of entropy available)
[   48.212699] e1000: Intel(R) PRO/1000 Network Driver - version 7.3.21-k8-NAPI
[   48.322438] e1000: Copyright (c) 1999-2006 Intel Corporation.
[   48.468860] Fusion MPT base driver 3.04.20
[   48.535204] Copyright (c) 1999-2008 LSI Corporation
[   48.636672] Fusion MPT SPI Host driver 3.04.20
[   48.710129] mptbase: ioc0: Initiating bringup
[   48.775521] AVX version of gcm_enc/dec engaged.
[   48.821133] AES CTR mode by8 optimization enabled
[   48.835961] ioc0: LSI53C1030 A0: Capabilities={Initiator}
[   48.932090] input: ImExPS/2 Generic Explorer Mouse as /devices/platform/i8042/serio1/input/input4
[   49.000191] scsi host2: ioc0: LSI53C1030 A0, FwRev=00000000h, Ports=1, MaxQ=256, IRQ=20
[   49.160397] scsi 2:0:0:0: Direct-Access     VBOX     HARDDISK         1.0  PQ: 0 ANSI: 5
[   49.195806] scsi target2:0:0: Beginning Domain Validation
[   49.252452] scsi target2:0:0: Domain Validation skipping write tests
[   49.256198] scsi target2:0:0: Ending Domain Validation
[   49.261389] scsi target2:0:0: asynchronous
[   49.264707] scsi 2:0:1:0: Direct-Access     VBOX     HARDDISK         1.0  PQ: 0 ANSI: 5
[   49.268952] scsi target2:0:1: Beginning Domain Validation
[   49.275437] scsi target2:0:1: Domain Validation skipping write tests
[   49.298774] scsi target2:0:1: Ending Domain Validation
[   49.307946] scsi target2:0:1: asynchronous
[   49.333811] sd 2:0:0:0: Attached scsi generic sg0 type 0
[   49.350459] sd 2:0:0:0: [sda] 20971520 512-byte logical blocks: (10.7 GB/10.0 GiB)
[   49.428397] sd 2:0:1:0: Attached scsi generic sg1 type 0
[   49.464824] sd 2:0:1:0: [sdb] 20480 512-byte logical blocks: (10.5 MB/10.0 MiB)
[   49.467698] sd 2:0:1:0: [sdb] Write Protect is off
[   49.485434] sd 2:0:0:0: [sda] Write Protect is off
[   49.543544] e1000 0000:00:03.0 eth0: (PCI:33MHz:32-bit) 02:79:78:05:52:90
[   49.543551] e1000 0000:00:03.0 eth0: Intel(R) PRO/1000 Network Connection
[   49.544361] sd 2:0:1:0: [sdb] Incomplete mode parameter data
[   49.544362] sd 2:0:1:0: [sdb] Assuming drive cache: write through
[   49.822758] sd 2:0:0:0: [sda] Incomplete mode parameter data
[   49.863046] sd 2:0:1:0: [sdb] Attached SCSI disk
[   49.921893] sd 2:0:0:0: [sda] Assuming drive cache: write through
[   49.922549] e1000 0000:00:08.0 eth1: (PCI:33MHz:32-bit) 08:00:27:bb:cf:da
[   49.922551] e1000 0000:00:08.0 eth1: Intel(R) PRO/1000 Network Connection
[   49.934764] e1000 0000:00:03.0 enp0s3: renamed from eth0
[   49.988839]  sda: sda1
[   50.046808] sd 2:0:0:0: [sda] Attached SCSI disk
[   50.085827] e1000 0000:00:08.0 enp0s8: renamed from eth1
[   51.779497] floppy0: no floppy controllers found
Begin: Loading e[   54.171059] md: linear personality registered for level -1
ssential drivers[   54.249372] md: multipath personality registered for level -4
 ... [   54.378709] md: raid0 personality registered for level 0
[   54.426611] md: raid1 personality registered for level 1
[   54.579774] raid6: sse2x1   gen() 10084 MB/s
[   54.792489] raid6: sse2x1   xor()  7709 MB/s
[   54.879115] raid6: sse2x2   gen() 11070 MB/s
[   55.063144] raid6: sse2x2   xor()  7351 MB/s
[   55.204220] raid6: sse2x4   gen() 12915 MB/s
[   55.387800] raid6: sse2x4   xor()  9127 MB/s
[   55.589728] raid6: using algorithm sse2x4 gen() 12915 MB/s
[   55.738531] raid6: .... xor() 9127 MB/s, rmw enabled
[   55.883982] raid6: using ssse3x2 recovery algorithm
[   55.900069] xor: automatically using best checksumming function:
[   55.967186]    avx       : 20885.000 MB/sec
[   56.059742] async_tx: api initialized (async)
[   56.150915] md: raid6 personality registered for level 6
[   56.267798] md: raid5 personality registered for level 5
[   56.383634] md: raid4 personality registered for level 4
[   56.532161] md: raid10 personality registered for level 10
done.
Begin: Running /scripts/init-premount ... done[   56.669905] Btrfs loaded
.
Begin: Mounting root file system ... Begin: Running /scripts/local-top ... done.
Begin: Running /scripts/local-premount ... Scanning for Btrfs filesystems
done.
Warning: fsck no[   56.770843] EXT4-fs (sda1): mounted filesystem with ordered data mode. Opts: (null)
t present, so skipping root file system
done.
Begin: Running /scripts/local-bottom ... done.
Begin: Running /scripts/init-bottom ... done.
[   570084210] systemd[1]: systemd 229 running in system mode. (+PAM +AUDIT +SELINUX +IMA +APPARMOR +SMACK +SYSVINIT +UTMP +LIBCRYPTSETUP +GCRYPT +GNUTLS +ACL +XZ -LZ4 +SECCOMP +BLKID +ELFUTILS +KMOD -IDN)
[   57.848226] systemd[1]: Detected virtualization oracle.
[   57.916375] systemd[1]: Detected architecture x86-64.

Welcome to [1mUbuntu 16.04.3 LTS[0m!

[   57.943674] systemd[1]: Set hostname to <app>.
[   58.137703] systemd[1]: Started Trigger resolvconf update for networkd DNS.
[[0;32m  OK  [0m] Started Trigger resolvconf update for networkd DNS.
[   58.187512] systemd[1]: Started Forward Password Requests to Wall Directory Watch.
[[0;32m  OK  [0m] Started Forward Password Requests to Wall Directory Watch.
[   58.512425] systemd[1]: Set up automount Arbitrary Executable File Formats File System Automount Point.
[[0;32m  OK  [0m] Set up automount Arbitrary Executab...ats File System Automount Point.
[   58.871858] systemd[1]: Reached target User and Group Name Lookups.
[[0;32m  OK  [0m] Reached target User and Group Name Lookups.
[   59.068781] systemd[1]: Reached target Encrypted Volumes.
[[0;32m  OK  [0m] Reached target Encrypted Volumes.
[   59.187346] systemd[1]: Reached target Swap.
[[0;32m  OK  [0m] Reached target Swap.
[   59.239891] systemd[1]: Listening on udev Kernel Socket.
[[0;32m  OK  [0m] Listening on udev Kernel Socket.
[   59.472042] systemd[1]: Listening on Journal Audit Socket.
[[0;32m  OK  [0m] Listening on Journal Audit Socket.
[   59.692072] systemd[1]: Created slice User andSSession Slice.
[[0;32m  OK  [0m] Created slice User and Session Slice.
[   59.903809] systemd[1]: Listening on Journal Socket (/dev/log).
[[0;32m  OK  [0m] Listening on Journal Socket (/dev/log).
[   60.091884] systemd[1]: Created slice System Slice.
[[0;32m  OK  [0m] Created slice System Slice.
[   60.145187] systemd[1]: Reached target Slices.
[[0;32m  OK  [0m] Reached target Slices.
[   60.259393] systemd[1]: Listening on Device-mapper event daemon FIFOs.
[[0;32m  OK  [0m] Listening on Device-mapper event daemon FIFOs.
[   60.277243] systemd[1]: Listening on LVM2 metadata daemon socket.
[[0;32m  OK  [0m] Listening on LVM2 metadata daemon socket.
[   60.287740] systemd[1]: Listening on Syslog Socket.
[[0;32m  OK  [0m] Listening on Syslog Socket.
[   60.442720] systemd[1]: Listening on udev Control Socket.
[[0;32m  OK  [0m] Listening on udev Control Socket.
[   60.607436] systemd[1]: Listening on Journal Socket.
[[0;32m  OK  [0m] Listening on Journal Socket.
[   60.707822] systemd[1]: Starting Journal Service...
         Starting Journal Service...
[   60.799857] systemd[1]: Starting Load Kernel Modules...
[   60.21] adg CStrspt asv20-70

         Startin[   61.436968] iscsi: registered transport (tcp)
g Load Kernel Mo[   61.597076] random: nonblocking pool is initialized
dules...
[   61.778284] iscsi: registered transport (iser)
[   61.911606] systemd[1]: Starting Remount Root and Kernel File Systems...
         Starting Remount[   62.069673] EXT4-fs (sda1): re-mounted. Opts: (null)
 Root and Kernel File Systems...
[   62.231763] systemd[1]: Starting Nameserver information manager...
         Starting Nameserver information manager...
[   62.439289] systemd[1]: Starting Set console keymap...
         Starting Set console keymap...
[   62.498732] systemd[1]: Mounting Debug File System...
         Mounting Debug File System...
[   62.504173] systemd[1]: Starting Create list of required static device nodes for the current kernel...
         Starting Create list of required st... nodes for the current kernel...
[   62.604170] systemd[1]: Starting Uncomplicated firewall...
         Starting Uncomplicated firewall...
[   62.731638] systemd[1]: Mounting Huge Pages File System...
         Mounting Huge Pages File System...
[   62.911723] systemd[1]: Starting Monitoring of LVM2 mirrors, snapshots etc. using dmeventd or progress polling...
         Starting Monitoring of LVM2 mirrors... dmeventd or progress polling...
[   63.199698] systemd[1]: Mounting POSIX Message Queue File System...
         Mounting POSIX Message Queue File System...
[  63.3883] stem[1: stenin o LVM pl aemon ocket.

[[0;32m  OK  [0m] Listening on LVM2 poll daemon socket.
[ 63194]ysstemd1] Ltengn evinitctl Comtibiliy mePi.

[[0;32m  OK  [0m] Listening on /dev/initctl Compatibility Named Pipe.
[   646438] stemd[1]: Creatd slic sysm-ri\xgety.sli.
[[0;32m  OK  [0m] Created slice system-serial\x2dgetty.slice.
[   65.432681] systemd[1]: Mounted POSIX Message Queue File System.
[[0;32m  OK  [0m] Mounted POSIX Message Queue File System.
[ 65.61969]ysemd[1: Mounedeb Fe st.
[[0;32m  OK  [0m] Mounted Debug File System.
[ 661501syem1]: Mounte He geFileSytem.
[[0;32m  OK  [0m] Mounted Huge Pages File System.
[   66.74790] systemd[1]: Started Joural Serve.
[[0;32m  OK  [0m] Started Journal Service.
[[0;32m  OK  [0m] Started Load Kernel Modules.
[[0;32m  OK  [0m] Started Remount Root and Kernel File Systems.
[[0;32m  OK  [0m] Started Set console keymap.
[[0;32m  OK  [0m] Started Create list of required sta...ce nodes for the current kernel.
[[0;32m  OK  [0m] Started Uncomplicated firewall.
[[0;32m  OK  [0m] Started Nameserver information manager.
[[0;32m  OK  [0m] Started LVM2 metadata daemon.
         Starting Create Static Device Nodes in /dev...
         Starting Load/Save Random Seed...
         Starting udev Coldplug all Devices...
         Starting Initial cloud-init job (pre-networking)...
         Mounting FUSE Control File System...
         Starting Apply Kernel Variables...
         Starting Flush Journal to Persistent Storage...
[[0;32m  OK  [0m] Mounted FUSE Control File System.
[[0;32m  OK  [0m] Started Create Static Device Nodes in /dev.
[[0;32m  OK  [0m] Started Load/Save Random Seed.
[[0;32m  OK  [0m] Started Apply Kernel Variables.
[[0;32m  OK  [0m] Started udev Coldplug all Devices.
[[0;32m  OK  [0m] Started Flush Journal to Persistent Storage.
[[0;32m  OK  [0m] Started Monitoring of LVM2 mirrors,...ng dmeventd or progress polling.
         Starting udev Kernel Device Manager...
[[0;32m  OK  [0m] Started udev Kernel Device Manager.
[[0;32m  OK  [0m] Started Dispatch Password Requests to Console Directory Watch.
[[0;32m  OK  [0m] Reached target Local File Systems (Pre).
[[0;32m  OK  [0m] Reached target Local File Systems.
         Starting LSB: AppArmor initialization...
         Starting Create Volatile Files and Directories...
         Starting Tell Plymouth To Write Out Runtime Data...
         Starting Set console font and keymap...
[[0;32m  OK  [0m] Started Create Volatile Files and Directories.
[[0;32m  OK  [0m] Started Tell Plymouth To Write Out Runtime Data.
[   36.444914] cloud-init[451]: Cloud-init v. 0.7.9 running 'init-local' at Wed, 18 Oct 2017 17:55:35 +0000. Up 36.06 seconds.
[[0;32m  OK  [0m] Started Initial cloud-init job (pre-networking).
[[0;32m  OK  [0m] Found device /dev/ttyS0.
[[0;32m  OK  [0m] Started LSB: AppArmor initialization.
[[0;32m  OK  [0m] Started Set console font and keymap.
[[0;32m  OK  [0m] Listening on Load/Save RF Kill Switch Status /dev/rfkill Watch.
[[0;32m  OK  [0m] Created slice system-getty.slice.
[[0;32m  OK  [0m] Reached target Network (Pre).
[[0;32m  OK  [0m] Started ifup for enp0s8.
         Starting Raise network interfaces...
[[0;32m  OK  [0m] Started ifup for enp0s3.
[[0;32m  OK  [0m] Reached target System Time Synchronized.
         Starting Update UTMP about System Boot/Shutdown...
[[0;32m  OK  [0m] Started Update UTMP about System Boot/Shutdown.
[[0;32m  OK  [0m] Started Raise network interfaces.
[[0;32m  OK  [0m] Reached target Network.
         Starting Initial cloud-init job (metadata service crawler)...
[   39.750928] cloud-init[1055]: Cloud-init v. 0.7.9 running 'init' at Wed, 18 Oct 2017 17:55:38 +0000. Up 39.49 seconds.
[[0;32m  OK  [0m] Started Initial cloud-init job (metadata service crawler).
[[   39.839743] cloud-init[1055]: ci-info: ++++++++++++++++++++++++++++++++++++++Net device info++++++++++++++++++++++++++++++++++++++
[   39.895706] cloud-init[1055]: ci-info: +--------+------+-----------------------------+---------------+-------+-------------------+
[0;32m  OK  [0m] Reached target System Initialization.
[   39.895897] cloud-init[1055]: ci-info: | Device |  Up  |           Address           |      Mask     | Scope |     Hw-Address    |
[   40.236958] cloud-init[1055]: ci-info: +--------+------+-----------------------------+---------------+-------+-------------------+
[   40.237571] cloud-init[1055]: ci-info: |   lo   | True |          127.0.0.1          |   255.0.0.0   |   .   |         .         |
[[0;32m  OK  [0m] Started Timer to automatically refresh installed snaps.
[[   40.237808] cloud-init[1055]: ci-info: |   lo   | True |           ::1/128           |       .       |  host |         .         |
[   40.509132] cloud-init[1055]: ci-info: | enp0s3 | True |          10.0.2.15          | 255.255.255.0 |   .   | 02:79:78:05:52:90 |
[0;32m  OK  [0m] Listening on D-Bus System Message Bus Socket.
[[   40.509256] cloud-init[1055]: ci-info: | enp0s3 | True |  fe80::79:78ff:fe05:5290/64 |       .       |  link | 02:79:78:05:52:90 |
[   40.821361] cloud-init[1055]: ci-info: | enp0s8 | True |        192.168.33.30        | 255.255.255.0 |   .   | 08:00:27:bb:cf:da |
[0;32m  OK  [0m] Started Daily Cleanup of Temporary Directories.
[[   40.821487] cloud-init[1055]: ci-info: | enp0s8 | True | fe80::a00:27ff:febb:cfda/64 |       .       |  link | 08:00:27:bb:cf:da |
[   41.131799] cloud-init[1055]: ci-info: +--------+------+-----------------------------+---------------+-------+-------------------+
[0;32m  OK  [0m] Started Timer to automatically fetch and run repair assertions.
[   41.131885] cloud-init[1055]: ci-info: ++++++++++++++++++++++++++++Route IPv4 info++++++++++++++++++++++++++++
[   41.416561] cloud-init[1055]: ci-info: +-------+--------------+----------+---------------+-----------+-------+
[   41.417076] cloud-init[1055]: ci-info: | Route | Destination  | Gateway  |    Genmask    | Interface | Flags |
[[0;32m  OK  [0m] Started ACPI Events Check.
[[   41.417346] cloud-init[1055]: ci-info: +-------+--------------+----------+---------------+-----------+-------+
[   41.609314] cloud-init[1055]: ci-info: |   0   |   0.0.0.0    | 10.0.2.2 |    0.0.0.0    |   enp0s3  |   UG  |
[0;32m  OK  [0m] Reached target Paths.
[   41.609471] cloud-init[1055]: ci-info: |   1   |   10.0.2.0   | 0.0.0.0  | 255.255.255.0 |   enp0s3  |   U   |
[   41.756503] cloud-init[1055]: ci-info: |   2   | 192.168.33.0 | 0.0.0.0  | 255.255.255.0 |   enp0s8  |   U   |
[   41.757010] cloud-init[1055]: ci-info: +-------+--------------+----------+---------------+-----------+-------+
         Starting LXD - unix socket.
[[0;32m  OK  [0m] Listening on ACPID Listen Socket.
         Starting Socket activation for snappy daemon.
[[0;32m  OK  [0m] Listening on UUID daemon activation socket.
[[0;32m  OK  [0m] Reached target Cloud-config availability.
[[0;32m  OK  [0m] Reached target Network is Online.
[[0;32m  OK  [0m] Started Daily apt download activities.
[[0;32m  OK  [0m] Started Daily apt upgrade and clean activities.
[[0;32m  OK  [0m] Reached target Timers.
         Starting iSCSI initiator daemon (iscsid)...
[[0;32m  OK  [0m] Listening on LXD - unix socket.
[[0;32m  OK  [0m] Listening on Socket activation for snappy daemon.
[[0;32m  OK  [0m] Reached target Sockets.
[[0;32m  OK  [0m] Reached target Basic System.
[[0;32m  OK  [0m] Started Regular background program processing daemon.
[[0;32m  OK  [0m] Started ACPI event daemon.
         Starting Accounts Service...
         Starting /etc/rc.local Compatibility...
         Starting LSB: MD monitoring daemon...
[[0;32m  OK  [0m] Started D-Bus System Message Bus.
         Starting Apply the settings specified in cloud-config...
         Starting Snappy daemon...
[[0;32m  OK  [0m] Started FUSE filesystem for LXC.
         Starting OpenBSD Secure Shell server...
         Starting System Logging Service...
[[0;32m  OK  [0m] Started Unattended Upgrades Shutdown.
         Starting Login Service...
         Starting LSB: Record successful boot for GRUB...
[[0;32m  OK  [0m] Started Deferred execution scheduler.
         Starting Automatically fetch and run repair assertions...
         Starting LXD - container startup/shutdown...
         Starting MySQL Community Server...
[[0;32m  OK  [0m] Started Snappy daemon.
[[0;32m  OK  [0m] Started OpenBSD Secure Shell server.
[[0;32m  OK  [0m] Started System Logging Service.
[[0;32m  OK  [0m] Started iSCSI initiator daemon (iscsid).
[[0;32m  OK  [0m] Started /etc/rc.local Compatibility.
[[0;32m  OK  [0m] Started Automatically fetch and run repair assertions.
[   43.172796] cloud-init[1129]: Cloud-init v. 0.7.9 running 'modules:config' at Wed, 18 Oct 2017 17:55:42 +0000. Up 43.01 seconds.
[[0;32m  OK  [0m] Started LSB: MD monitoring daemon.
[[0;32m  OK  [0m] Started Apply the settings specified in cloud-config.
[[0;32m  OK  [0m] Started LXD - container startup/shutdown.
[[0;32m  OK  [0m] Started LSB: Record successful boot for GRUB.
         Starting Authenticate and Authorize Users to Run Privileged Tasks...
         Starting Login to default iSCSI targets...
         Starting Auto import assertions from block devices...
[[0;32m  OK  [0m] Started Auto import assertions from block devices.
[[0;32m  OK  [0m] Started Login Service.
[[0;32m  OK  [0m] Started Authenticate and Authorize Users to Run Privileged Tasks.
[[0;32m  OK  [0m] Started Accounts Service.
[[0;32m  OK  [0m] Started Login to default iSCSI targets.
[[0;32m  OK  [0m] Reached target Remote File Systems (Pre).
[[0;32m  OK  [0m] Reached target Remote File Systems.
         Starting Permit User Sessions...
         Starting LSB: daemon to balance interrupts for SMP systems...
         Starting LSB: automatic crash report generation...
         Starting LSB: Set the CPU Frequency Scaling governor to "ondemand"...
         Starting LSB: VirtualBox Linux Additions...
[[0;32m  OK  [0m] Started Permit User Sessions.
[[0;32m  OK  [0m] Started LSB: daemon to balance interrupts for SMP systems.
[[0;32m  OK  [0m] Started LSB: automatic crash report generation.
[[0;32m  OK  [0m] Started LSB: VirtualBox Linux Additions.
[[0;32m  OK  [0m] Created slice User Slice of ubuntu.
[[0;32m  OK  [0m] Started Session 1 of user ubuntu.
         Starting User Manager for UID 1000...
         Starting Hold until boot process finishes up...
         Starting Terminate Plymouth Boot Screen...
[[0;32m  OK  [0m] Started User Manager for UID 1000.
[[0;32m  OK  [0m] Started MySQL Community Server.
[[0;32m  OK  [0m] Started LSB: Set the CPU Frequency Scaling governor to "ondemand".
[[0;32m  OK  [0m] Started Hold until boot process finishes up.
[[0;32m  OK  [0m] Started Terminate Plymouth Boot Screen.
[[0;32m  OK  [0m] Started Getty on tty1.
         Starting Set console scheme...
[[0;32m  OK  [0m] Started Serial Getty on ttyS0.
[[0;32m  OK  [0m] Reached target Login Prompts.
[[0;32m  OK  [0m] Reached target Multi-User System.
         Starting Execute cloud user/final scripts...
[[0;32m  OK  [0m] Reached target Graphical Interface.
         Starting Update UTMP about System Runlevel Changes...
[[0;32m  OK  [0m] Started Set console scheme.
[[0;32m  OK  [0m] Started Update UTMP about System Runlevel Changes.
[   45.441443] cloud-init[1353]: Cloud-init v. 0.7.9 running 'modules:final' at Wed, 18 Oct 2017 17:55:44 +0000. Up 45.31 seconds.
[   45.512917] cloud-init[1353]: Cloud-init v. 0.7.9 finished at Wed, 18 Oct 2017 17:55:44 +0000. Datasource DataSourceNoCloud [seed=/dev/sdb][dsmode=net].  Up 45.43 seconds
[[0;32m  OK  [0m] Started Execute cloud user/final scripts.
[[0;32m  OK  [0m] Reached target Cloud-init target.

Ubuntu 16.04.3 LTS app ttyS0

app login: 